  main.cpp
E:\課程\資料探勘\Final\GCN\GCN\main.cpp(53,113): warning C4267: '引數': 將 'size_t' 轉換為 'int'，資料可能遺失
E:\課程\資料探勘\Final\GCN\GCN\main.cpp(64,35): warning C4267: 'return': 將 'size_t' 轉換為 'int'，資料可能遺失
E:\課程\資料探勘\Final\GCN\GCN\main.cpp(120,102): warning C4267: '引數': 將 'size_t' 轉換為 'int'，資料可能遺失
E:\課程\資料探勘\Final\GCN\GCN\main.cpp(127,15): warning C4244: '引數': 將 'time_t' 轉換為 'unsigned int'，由於類型不同，可能導致資料遺失
E:\課程\資料探勘\Final\GCN\GCN\main.cpp(163,19): warning C4244: '引數': 將 'time_t' 轉換為 'unsigned int'，由於類型不同，可能導致資料遺失
E:\課程\資料探勘\Final\GCN\GCN\main.cpp(178,32): warning C4267: '引數': 將 'size_t' 轉換為 '_Ty'，資料可能遺失
          with
          [
              _Ty=int
          ]
E:\課程\資料探勘\Final\GCN\GCN\main.cpp(180,73): warning C4267: '引數': 將 'size_t' 轉換為 'int'，資料可能遺失
E:\課程\資料探勘\Final\GCN\GCN\main.cpp(182,49): warning C4267: '引數': 將 'size_t' 轉換為 'int'，資料可能遺失
E:\課程\資料探勘\Final\GCN\GCN\main.cpp(183,26): warning C4244: '引數': 將 'time_t' 轉換為 'int'，由於類型不同，可能導致資料遺失
  正在產生程式碼
  5 of 595 functions ( 0.8%) were compiled, the rest were copied from previous compilation.
    0 functions were new in current compilation
    1 functions had inline decision re-evaluated but remain unchanged
  已完成程式碼產生
  GCN.vcxproj -> E:\課程\資料探勘\Final\GCN\x64\Release\GCN.exe
